<?xml version="1.0" encoding="UTF-8"?>
<testsuite xmlns:xsi="http://www.w3.org/2001/XMLSchema-instance" xsi:noNamespaceSchemaLocation="https://maven.apache.org/surefire/maven-surefire-plugin/xsd/surefire-test-report.xsd" name="custis.easyabac.core.pdp.balana.CacheTest" time="0.357" tests="1" errors="0" skipped="0" failures="0">
  <properties>
    <property name="sun.desktop" value="gnome"/>
    <property name="awt.toolkit" value="sun.awt.X11.XToolkit"/>
    <property name="file.encoding.pkg" value="sun.io"/>
    <property name="java.specification.version" value="1.8"/>
    <property name="sun.cpu.isalist" value=""/>
    <property name="sun.jnu.encoding" value="UTF-8"/>
    <property name="java.class.path" value="/home/mrazavi/developments/abac-authorization/easyabac-extensions/pdp/wso2-balana-pdp/target/test-classes:/home/mrazavi/developments/abac-authorization/easyabac-extensions/pdp/wso2-balana-pdp/target/classes:/home/mrazavi/developments/abac-authorization/easyabac-model/target/easyabac-model-1.0.1-SNAPSHOT.jar:/home/mrazavi/developments/abac-authorization/easyabac-core/target/easyabac-core-1.0.1-SNAPSHOT.jar:/home/mrazavi/.m2/repository/ch/qos/logback/logback-core/1.2.3/logback-core-1.2.3.jar:/home/mrazavi/.m2/repository/org/slf4j/jcl-over-slf4j/1.7.12/jcl-over-slf4j-1.7.12.jar:/home/mrazavi/.m2/repository/org/slf4j/slf4j-api/1.7.12/slf4j-api-1.7.12.jar:/home/mrazavi/.m2/repository/org/wso2/balana/org.wso2.balana/1.1.11/org.wso2.balana-1.1.11.jar:/home/mrazavi/.m2/repository/org/wso2/balana/org.wso2.balana.utils/1.1.11/org.wso2.balana.utils-1.1.11.jar:/home/mrazavi/.m2/repository/xerces/wso2/xercesImpl/2.8.1.wso2v2/xercesImpl-2.8.1.wso2v2.jar:/home/mrazavi/.m2/repository/org/xmlunit/xmlunit-core/2.6.2/xmlunit-core-2.6.2.jar:/home/mrazavi/.m2/repository/org/xmlunit/xmlunit-matchers/2.6.2/xmlunit-matchers-2.6.2.jar:/home/mrazavi/.m2/repository/org/hamcrest/hamcrest-core/1.3/hamcrest-core-1.3.jar:/home/mrazavi/.m2/repository/cglib/cglib-nodep/3.2.8/cglib-nodep-3.2.8.jar:/home/mrazavi/.m2/repository/org/springframework/spring-aop/5.0.9.RELEASE/spring-aop-5.0.9.RELEASE.jar:/home/mrazavi/.m2/repository/org/springframework/spring-beans/5.0.9.RELEASE/spring-beans-5.0.9.RELEASE.jar:/home/mrazavi/.m2/repository/org/springframework/spring-core/5.0.9.RELEASE/spring-core-5.0.9.RELEASE.jar:/home/mrazavi/.m2/repository/org/springframework/spring-jcl/5.0.9.RELEASE/spring-jcl-5.0.9.RELEASE.jar:/home/mrazavi/developments/abac-authorization/easyabac-tools/easy-model-loader/target/easy-model-loader-1.0.1-SNAPSHOT.jar:/home/mrazavi/.m2/repository/org/yaml/snakeyaml/1.23/snakeyaml-1.23.jar:/home/mrazavi/.m2/repository/org/springframework/boot/spring-boot-starter-data-jpa/2.0.5.RELEASE/spring-boot-starter-data-jpa-2.0.5.RELEASE.jar:/home/mrazavi/.m2/repository/org/springframework/boot/spring-boot-starter/2.0.5.RELEASE/spring-boot-starter-2.0.5.RELEASE.jar:/home/mrazavi/.m2/repository/org/springframework/boot/spring-boot/2.0.5.RELEASE/spring-boot-2.0.5.RELEASE.jar:/home/mrazavi/.m2/repository/org/springframework/boot/spring-boot-autoconfigure/2.0.5.RELEASE/spring-boot-autoconfigure-2.0.5.RELEASE.jar:/home/mrazavi/.m2/repository/org/springframework/boot/spring-boot-starter-logging/2.0.5.RELEASE/spring-boot-starter-logging-2.0.5.RELEASE.jar:/home/mrazavi/.m2/repository/org/apache/logging/log4j/log4j-to-slf4j/2.10.0/log4j-to-slf4j-2.10.0.jar:/home/mrazavi/.m2/repository/org/apache/logging/log4j/log4j-api/2.10.0/log4j-api-2.10.0.jar:/home/mrazavi/.m2/repository/org/slf4j/jul-to-slf4j/1.7.25/jul-to-slf4j-1.7.25.jar:/home/mrazavi/.m2/repository/org/springframework/boot/spring-boot-starter-aop/2.0.5.RELEASE/spring-boot-starter-aop-2.0.5.RELEASE.jar:/home/mrazavi/.m2/repository/org/aspectj/aspectjweaver/1.8.13/aspectjweaver-1.8.13.jar:/home/mrazavi/.m2/repository/org/springframework/boot/spring-boot-starter-jdbc/2.0.5.RELEASE/spring-boot-starter-jdbc-2.0.5.RELEASE.jar:/home/mrazavi/.m2/repository/com/zaxxer/HikariCP/2.7.9/HikariCP-2.7.9.jar:/home/mrazavi/.m2/repository/org/springframework/spring-jdbc/5.0.9.RELEASE/spring-jdbc-5.0.9.RELEASE.jar:/home/mrazavi/.m2/repository/javax/transaction/javax.transaction-api/1.2/javax.transaction-api-1.2.jar:/home/mrazavi/.m2/repository/org/hibernate/hibernate-core/5.2.17.Final/hibernate-core-5.2.17.Final.jar:/home/mrazavi/.m2/repository/org/jboss/logging/jboss-logging/3.3.1.Final/jboss-logging-3.3.1.Final.jar:/home/mrazavi/.m2/repository/org/hibernate/javax/persistence/hibernate-jpa-2.1-api/1.0.0.Final/hibernate-jpa-2.1-api-1.0.0.Final.jar:/home/mrazavi/.m2/repository/org/javassist/javassist/3.22.0-GA/javassist-3.22.0-GA.jar:/home/mrazavi/.m2/repository/antlr/antlr/2.7.7/antlr-2.7.7.jar:/home/mrazavi/.m2/repository/org/jboss/jandex/2.0.3.Final/jandex-2.0.3.Final.jar:/home/mrazavi/.m2/repository/com/fasterxml/classmate/1.3.0/classmate-1.3.0.jar:/home/mrazavi/.m2/repository/dom4j/dom4j/1.6.1/dom4j-1.6.1.jar:/home/mrazavi/.m2/repository/org/hibernate/common/hibernate-commons-annotations/5.0.1.Final/hibernate-commons-annotations-5.0.1.Final.jar:/home/mrazavi/.m2/repository/org/springframework/data/spring-data-jpa/2.0.10.RELEASE/spring-data-jpa-2.0.10.RELEASE.jar:/home/mrazavi/.m2/repository/org/springframework/data/spring-data-commons/2.0.10.RELEASE/spring-data-commons-2.0.10.RELEASE.jar:/home/mrazavi/.m2/repository/org/springframework/spring-orm/5.0.9.RELEASE/spring-orm-5.0.9.RELEASE.jar:/home/mrazavi/.m2/repository/org/springframework/spring-tx/5.0.9.RELEASE/spring-tx-5.0.9.RELEASE.jar:/home/mrazavi/.m2/repository/org/springframework/spring-aspects/5.0.9.RELEASE/spring-aspects-5.0.9.RELEASE.jar:/home/mrazavi/developments/abac-authorization/easyabac-api/easyabac-spring-api/target/easyabac-spring-api-1.0.1-SNAPSHOT.jar:/home/mrazavi/developments/abac-authorization/easyabac-api/easyabac-entity-api/target/easyabac-entity-api-1.0.1-SNAPSHOT.jar:/home/mrazavi/.m2/repository/org/projectlombok/lombok/1.16.18/lombok-1.16.18.jar:/home/mrazavi/.m2/repository/org/springframework/spring-context/5.0.9.RELEASE/spring-context-5.0.9.RELEASE.jar:/home/mrazavi/.m2/repository/org/springframework/spring-expression/5.0.9.RELEASE/spring-expression-5.0.9.RELEASE.jar:/home/mrazavi/.m2/repository/ch/qos/logback/logback-classic/1.2.3/logback-classic-1.2.3.jar:/home/mrazavi/.m2/repository/javax/annotation/javax.annotation-api/1.3.2/javax.annotation-api-1.3.2.jar:/home/mrazavi/developments/abac-authorization/easyabac-extensions/trace/logging-trace/target/logging-trace-1.0.1-SNAPSHOT.jar:/home/mrazavi/.m2/repository/commons-logging/commons-logging/1.2/commons-logging-1.2.jar:/home/mrazavi/.m2/repository/junit/junit/4.12/junit-4.12.jar:"/>
    <property name="java.vm.vendor" value="Oracle Corporation"/>
    <property name="sun.arch.data.model" value="64"/>
    <property name="java.vendor.url" value="http://java.oracle.com/"/>
    <property name="user.timezone" value=""/>
    <property name="java.vm.specification.version" value="1.8"/>
    <property name="os.name" value="Linux"/>
    <property name="user.country" value="US"/>
    <property name="sun.java.launcher" value="SUN_STANDARD"/>
    <property name="sun.boot.library.path" value="/usr/lib/jvm/java-8-openjdk-amd64/jre/lib/amd64"/>
    <property name="sun.java.command" value="/home/mrazavi/developments/abac-authorization/easyabac-extensions/pdp/wso2-balana-pdp/target/surefire/surefirebooter1198579373934719685.jar /home/mrazavi/developments/abac-authorization/easyabac-extensions/pdp/wso2-balana-pdp/target/surefire 2019-01-15T09-41-33_614-jvmRun1 surefire4410901378253470732tmp surefire_16849938341160864411tmp"/>
    <property name="surefire.test.class.path" value="/home/mrazavi/developments/abac-authorization/easyabac-extensions/pdp/wso2-balana-pdp/target/test-classes:/home/mrazavi/developments/abac-authorization/easyabac-extensions/pdp/wso2-balana-pdp/target/classes:/home/mrazavi/developments/abac-authorization/easyabac-model/target/easyabac-model-1.0.1-SNAPSHOT.jar:/home/mrazavi/developments/abac-authorization/easyabac-core/target/easyabac-core-1.0.1-SNAPSHOT.jar:/home/mrazavi/.m2/repository/ch/qos/logback/logback-core/1.2.3/logback-core-1.2.3.jar:/home/mrazavi/.m2/repository/org/slf4j/jcl-over-slf4j/1.7.12/jcl-over-slf4j-1.7.12.jar:/home/mrazavi/.m2/repository/org/slf4j/slf4j-api/1.7.12/slf4j-api-1.7.12.jar:/home/mrazavi/.m2/repository/org/wso2/balana/org.wso2.balana/1.1.11/org.wso2.balana-1.1.11.jar:/home/mrazavi/.m2/repository/org/wso2/balana/org.wso2.balana.utils/1.1.11/org.wso2.balana.utils-1.1.11.jar:/home/mrazavi/.m2/repository/xerces/wso2/xercesImpl/2.8.1.wso2v2/xercesImpl-2.8.1.wso2v2.jar:/home/mrazavi/.m2/repository/org/xmlunit/xmlunit-core/2.6.2/xmlunit-core-2.6.2.jar:/home/mrazavi/.m2/repository/org/xmlunit/xmlunit-matchers/2.6.2/xmlunit-matchers-2.6.2.jar:/home/mrazavi/.m2/repository/org/hamcrest/hamcrest-core/1.3/hamcrest-core-1.3.jar:/home/mrazavi/.m2/repository/cglib/cglib-nodep/3.2.8/cglib-nodep-3.2.8.jar:/home/mrazavi/.m2/repository/org/springframework/spring-aop/5.0.9.RELEASE/spring-aop-5.0.9.RELEASE.jar:/home/mrazavi/.m2/repository/org/springframework/spring-beans/5.0.9.RELEASE/spring-beans-5.0.9.RELEASE.jar:/home/mrazavi/.m2/repository/org/springframework/spring-core/5.0.9.RELEASE/spring-core-5.0.9.RELEASE.jar:/home/mrazavi/.m2/repository/org/springframework/spring-jcl/5.0.9.RELEASE/spring-jcl-5.0.9.RELEASE.jar:/home/mrazavi/developments/abac-authorization/easyabac-tools/easy-model-loader/target/easy-model-loader-1.0.1-SNAPSHOT.jar:/home/mrazavi/.m2/repository/org/yaml/snakeyaml/1.23/snakeyaml-1.23.jar:/home/mrazavi/.m2/repository/org/springframework/boot/spring-boot-starter-data-jpa/2.0.5.RELEASE/spring-boot-starter-data-jpa-2.0.5.RELEASE.jar:/home/mrazavi/.m2/repository/org/springframework/boot/spring-boot-starter/2.0.5.RELEASE/spring-boot-starter-2.0.5.RELEASE.jar:/home/mrazavi/.m2/repository/org/springframework/boot/spring-boot/2.0.5.RELEASE/spring-boot-2.0.5.RELEASE.jar:/home/mrazavi/.m2/repository/org/springframework/boot/spring-boot-autoconfigure/2.0.5.RELEASE/spring-boot-autoconfigure-2.0.5.RELEASE.jar:/home/mrazavi/.m2/repository/org/springframework/boot/spring-boot-starter-logging/2.0.5.RELEASE/spring-boot-starter-logging-2.0.5.RELEASE.jar:/home/mrazavi/.m2/repository/org/apache/logging/log4j/log4j-to-slf4j/2.10.0/log4j-to-slf4j-2.10.0.jar:/home/mrazavi/.m2/repository/org/apache/logging/log4j/log4j-api/2.10.0/log4j-api-2.10.0.jar:/home/mrazavi/.m2/repository/org/slf4j/jul-to-slf4j/1.7.25/jul-to-slf4j-1.7.25.jar:/home/mrazavi/.m2/repository/org/springframework/boot/spring-boot-starter-aop/2.0.5.RELEASE/spring-boot-starter-aop-2.0.5.RELEASE.jar:/home/mrazavi/.m2/repository/org/aspectj/aspectjweaver/1.8.13/aspectjweaver-1.8.13.jar:/home/mrazavi/.m2/repository/org/springframework/boot/spring-boot-starter-jdbc/2.0.5.RELEASE/spring-boot-starter-jdbc-2.0.5.RELEASE.jar:/home/mrazavi/.m2/repository/com/zaxxer/HikariCP/2.7.9/HikariCP-2.7.9.jar:/home/mrazavi/.m2/repository/org/springframework/spring-jdbc/5.0.9.RELEASE/spring-jdbc-5.0.9.RELEASE.jar:/home/mrazavi/.m2/repository/javax/transaction/javax.transaction-api/1.2/javax.transaction-api-1.2.jar:/home/mrazavi/.m2/repository/org/hibernate/hibernate-core/5.2.17.Final/hibernate-core-5.2.17.Final.jar:/home/mrazavi/.m2/repository/org/jboss/logging/jboss-logging/3.3.1.Final/jboss-logging-3.3.1.Final.jar:/home/mrazavi/.m2/repository/org/hibernate/javax/persistence/hibernate-jpa-2.1-api/1.0.0.Final/hibernate-jpa-2.1-api-1.0.0.Final.jar:/home/mrazavi/.m2/repository/org/javassist/javassist/3.22.0-GA/javassist-3.22.0-GA.jar:/home/mrazavi/.m2/repository/antlr/antlr/2.7.7/antlr-2.7.7.jar:/home/mrazavi/.m2/repository/org/jboss/jandex/2.0.3.Final/jandex-2.0.3.Final.jar:/home/mrazavi/.m2/repository/com/fasterxml/classmate/1.3.0/classmate-1.3.0.jar:/home/mrazavi/.m2/repository/dom4j/dom4j/1.6.1/dom4j-1.6.1.jar:/home/mrazavi/.m2/repository/org/hibernate/common/hibernate-commons-annotations/5.0.1.Final/hibernate-commons-annotations-5.0.1.Final.jar:/home/mrazavi/.m2/repository/org/springframework/data/spring-data-jpa/2.0.10.RELEASE/spring-data-jpa-2.0.10.RELEASE.jar:/home/mrazavi/.m2/repository/org/springframework/data/spring-data-commons/2.0.10.RELEASE/spring-data-commons-2.0.10.RELEASE.jar:/home/mrazavi/.m2/repository/org/springframework/spring-orm/5.0.9.RELEASE/spring-orm-5.0.9.RELEASE.jar:/home/mrazavi/.m2/repository/org/springframework/spring-tx/5.0.9.RELEASE/spring-tx-5.0.9.RELEASE.jar:/home/mrazavi/.m2/repository/org/springframework/spring-aspects/5.0.9.RELEASE/spring-aspects-5.0.9.RELEASE.jar:/home/mrazavi/developments/abac-authorization/easyabac-api/easyabac-spring-api/target/easyabac-spring-api-1.0.1-SNAPSHOT.jar:/home/mrazavi/developments/abac-authorization/easyabac-api/easyabac-entity-api/target/easyabac-entity-api-1.0.1-SNAPSHOT.jar:/home/mrazavi/.m2/repository/org/projectlombok/lombok/1.16.18/lombok-1.16.18.jar:/home/mrazavi/.m2/repository/org/springframework/spring-context/5.0.9.RELEASE/spring-context-5.0.9.RELEASE.jar:/home/mrazavi/.m2/repository/org/springframework/spring-expression/5.0.9.RELEASE/spring-expression-5.0.9.RELEASE.jar:/home/mrazavi/.m2/repository/ch/qos/logback/logback-classic/1.2.3/logback-classic-1.2.3.jar:/home/mrazavi/.m2/repository/javax/annotation/javax.annotation-api/1.3.2/javax.annotation-api-1.3.2.jar:/home/mrazavi/developments/abac-authorization/easyabac-extensions/trace/logging-trace/target/logging-trace-1.0.1-SNAPSHOT.jar:/home/mrazavi/.m2/repository/commons-logging/commons-logging/1.2/commons-logging-1.2.jar:/home/mrazavi/.m2/repository/junit/junit/4.12/junit-4.12.jar:"/>
    <property name="sun.cpu.endian" value="little"/>
    <property name="user.home" value="/home/mrazavi"/>
    <property name="user.language" value="en"/>
    <property name="java.specification.vendor" value="Oracle Corporation"/>
    <property name="java.home" value="/usr/lib/jvm/java-8-openjdk-amd64/jre"/>
    <property name="basedir" value="/home/mrazavi/developments/abac-authorization/easyabac-extensions/pdp/wso2-balana-pdp"/>
    <property name="file.separator" value="/"/>
    <property name="line.separator" value="&#10;"/>
    <property name="java.vm.specification.vendor" value="Oracle Corporation"/>
    <property name="java.specification.name" value="Java Platform API Specification"/>
    <property name="java.awt.graphicsenv" value="sun.awt.X11GraphicsEnvironment"/>
    <property name="surefire.real.class.path" value="/home/mrazavi/developments/abac-authorization/easyabac-extensions/pdp/wso2-balana-pdp/target/surefire/surefirebooter1198579373934719685.jar"/>
    <property name="sun.boot.class.path" value="/usr/lib/jvm/java-8-openjdk-amd64/jre/lib/resources.jar:/usr/lib/jvm/java-8-openjdk-amd64/jre/lib/rt.jar:/usr/lib/jvm/java-8-openjdk-amd64/jre/lib/sunrsasign.jar:/usr/lib/jvm/java-8-openjdk-amd64/jre/lib/jsse.jar:/usr/lib/jvm/java-8-openjdk-amd64/jre/lib/jce.jar:/usr/lib/jvm/java-8-openjdk-amd64/jre/lib/charsets.jar:/usr/lib/jvm/java-8-openjdk-amd64/jre/lib/jfr.jar:/usr/lib/jvm/java-8-openjdk-amd64/jre/classes"/>
    <property name="sun.management.compiler" value="HotSpot 64-Bit Tiered Compilers"/>
    <property name="java.runtime.version" value="1.8.0_191-8u191-b12-0ubuntu0.18.04.1-b12"/>
    <property name="user.name" value="mrazavi"/>
    <property name="path.separator" value=":"/>
    <property name="os.version" value="4.15.0-42-generic"/>
    <property name="java.endorsed.dirs" value="/usr/lib/jvm/java-8-openjdk-amd64/jre/lib/endorsed"/>
    <property name="java.runtime.name" value="OpenJDK Runtime Environment"/>
    <property name="file.encoding" value="UTF-8"/>
    <property name="java.vm.name" value="OpenJDK 64-Bit Server VM"/>
    <property name="localRepository" value="/home/mrazavi/.m2/repository"/>
    <property name="java.vendor.url.bug" value="http://bugreport.sun.com/bugreport/"/>
    <property name="java.io.tmpdir" value="/tmp"/>
    <property name="idea.version" value="2017.2"/>
    <property name="java.version" value="1.8.0_191"/>
    <property name="user.dir" value="/home/mrazavi/developments/abac-authorization/easyabac-extensions/pdp/wso2-balana-pdp"/>
    <property name="os.arch" value="amd64"/>
    <property name="java.vm.specification.name" value="Java Virtual Machine Specification"/>
    <property name="java.awt.printerjob" value="sun.print.PSPrinterJob"/>
    <property name="sun.os.patch.level" value="unknown"/>
    <property name="java.library.path" value="/home/mrazavi/programs/ideaIU-2017.2/idea-IU-172.3317.76/bin::/usr/java/packages/lib/amd64:/usr/lib/x86_64-linux-gnu/jni:/lib/x86_64-linux-gnu:/usr/lib/x86_64-linux-gnu:/usr/lib/jni:/lib:/usr/lib"/>
    <property name="java.vm.info" value="mixed mode"/>
    <property name="java.vendor" value="Oracle Corporation"/>
    <property name="java.vm.version" value="25.191-b12"/>
    <property name="java.ext.dirs" value="/usr/lib/jvm/java-8-openjdk-amd64/jre/lib/ext:/usr/java/packages/lib/ext"/>
    <property name="sun.io.unicode.encoding" value="UnicodeLittle"/>
    <property name="java.class.version" value="52.0"/>
  </properties>
  <testcase name="sampleCacheTest" classname="custis.easyabac.core.pdp.balana.CacheTest" time="0.357"/>
</testsuite>