<?xml version="1.0" encoding="UTF-8"?>
<testsuite xmlns:xsi="http://www.w3.org/2001/XMLSchema-instance" xsi:noNamespaceSchemaLocation="https://maven.apache.org/surefire/maven-surefire-plugin/xsd/surefire-test-report.xsd" name="generation.OrderAuthTest" time="0.4" tests="23" errors="0" skipped="0" failures="0">
  <properties>
    <property name="sun.desktop" value="gnome"/>
    <property name="awt.toolkit" value="sun.awt.X11.XToolkit"/>
    <property name="file.encoding.pkg" value="sun.io"/>
    <property name="java.specification.version" value="1.8"/>
    <property name="sun.cpu.isalist" value=""/>
    <property name="sun.jnu.encoding" value="UTF-8"/>
    <property name="java.class.path" value="/home/mrazavi/developments/abac-authorization/easyabac-tools/easyabac-test-generator/target/test-classes:/home/mrazavi/developments/abac-authorization/easyabac-tools/easyabac-test-generator/target/classes:/home/mrazavi/developments/abac-authorization/easyabac-api/easyabac-entity-api/target/easyabac-entity-api-1.0.1-SNAPSHOT.jar:/home/mrazavi/developments/abac-authorization/easyabac-core/target/easyabac-core-1.0.1-SNAPSHOT.jar:/home/mrazavi/.m2/repository/ch/qos/logback/logback-core/1.2.3/logback-core-1.2.3.jar:/home/mrazavi/.m2/repository/org/slf4j/jcl-over-slf4j/1.7.12/jcl-over-slf4j-1.7.12.jar:/home/mrazavi/.m2/repository/org/projectlombok/lombok/1.16.18/lombok-1.16.18.jar:/home/mrazavi/.m2/repository/ch/qos/logback/logback-classic/1.2.3/logback-classic-1.2.3.jar:/home/mrazavi/.m2/repository/org/slf4j/slf4j-api/1.7.25/slf4j-api-1.7.25.jar:/home/mrazavi/.m2/repository/javax/annotation/javax.annotation-api/1.3.2/javax.annotation-api-1.3.2.jar:/home/mrazavi/.m2/repository/com/github/javaparser/javaparser-core/3.6.24/javaparser-core-3.6.24.jar:/home/mrazavi/.m2/repository/org/apache/commons/commons-lang3/3.7/commons-lang3-3.7.jar:/home/mrazavi/developments/abac-authorization/easyabac-tools/easy-model-loader/target/easy-model-loader-1.0.1-SNAPSHOT.jar:/home/mrazavi/developments/abac-authorization/easyabac-model/target/easyabac-model-1.0.1-SNAPSHOT.jar:/home/mrazavi/.m2/repository/org/yaml/snakeyaml/1.23/snakeyaml-1.23.jar:/home/mrazavi/.m2/repository/org/springframework/boot/spring-boot-starter-data-jpa/2.0.5.RELEASE/spring-boot-starter-data-jpa-2.0.5.RELEASE.jar:/home/mrazavi/.m2/repository/org/springframework/boot/spring-boot-starter/2.0.5.RELEASE/spring-boot-starter-2.0.5.RELEASE.jar:/home/mrazavi/.m2/repository/org/springframework/boot/spring-boot/2.0.5.RELEASE/spring-boot-2.0.5.RELEASE.jar:/home/mrazavi/.m2/repository/org/springframework/boot/spring-boot-autoconfigure/2.0.5.RELEASE/spring-boot-autoconfigure-2.0.5.RELEASE.jar:/home/mrazavi/.m2/repository/org/springframework/boot/spring-boot-starter-logging/2.0.5.RELEASE/spring-boot-starter-logging-2.0.5.RELEASE.jar:/home/mrazavi/.m2/repository/org/apache/logging/log4j/log4j-to-slf4j/2.10.0/log4j-to-slf4j-2.10.0.jar:/home/mrazavi/.m2/repository/org/apache/logging/log4j/log4j-api/2.10.0/log4j-api-2.10.0.jar:/home/mrazavi/.m2/repository/org/slf4j/jul-to-slf4j/1.7.25/jul-to-slf4j-1.7.25.jar:/home/mrazavi/.m2/repository/org/springframework/spring-core/5.0.9.RELEASE/spring-core-5.0.9.RELEASE.jar:/home/mrazavi/.m2/repository/org/springframework/spring-jcl/5.0.9.RELEASE/spring-jcl-5.0.9.RELEASE.jar:/home/mrazavi/.m2/repository/org/springframework/boot/spring-boot-starter-aop/2.0.5.RELEASE/spring-boot-starter-aop-2.0.5.RELEASE.jar:/home/mrazavi/.m2/repository/org/aspectj/aspectjweaver/1.8.13/aspectjweaver-1.8.13.jar:/home/mrazavi/.m2/repository/org/springframework/boot/spring-boot-starter-jdbc/2.0.5.RELEASE/spring-boot-starter-jdbc-2.0.5.RELEASE.jar:/home/mrazavi/.m2/repository/com/zaxxer/HikariCP/2.7.9/HikariCP-2.7.9.jar:/home/mrazavi/.m2/repository/org/springframework/spring-jdbc/5.0.9.RELEASE/spring-jdbc-5.0.9.RELEASE.jar:/home/mrazavi/.m2/repository/javax/transaction/javax.transaction-api/1.2/javax.transaction-api-1.2.jar:/home/mrazavi/.m2/repository/org/hibernate/hibernate-core/5.2.17.Final/hibernate-core-5.2.17.Final.jar:/home/mrazavi/.m2/repository/org/jboss/logging/jboss-logging/3.3.1.Final/jboss-logging-3.3.1.Final.jar:/home/mrazavi/.m2/repository/org/hibernate/javax/persistence/hibernate-jpa-2.1-api/1.0.0.Final/hibernate-jpa-2.1-api-1.0.0.Final.jar:/home/mrazavi/.m2/repository/org/javassist/javassist/3.22.0-GA/javassist-3.22.0-GA.jar:/home/mrazavi/.m2/repository/antlr/antlr/2.7.7/antlr-2.7.7.jar:/home/mrazavi/.m2/repository/org/jboss/jandex/2.0.3.Final/jandex-2.0.3.Final.jar:/home/mrazavi/.m2/repository/com/fasterxml/classmate/1.3.0/classmate-1.3.0.jar:/home/mrazavi/.m2/repository/dom4j/dom4j/1.6.1/dom4j-1.6.1.jar:/home/mrazavi/.m2/repository/org/hibernate/common/hibernate-commons-annotations/5.0.1.Final/hibernate-commons-annotations-5.0.1.Final.jar:/home/mrazavi/.m2/repository/org/springframework/data/spring-data-jpa/2.0.10.RELEASE/spring-data-jpa-2.0.10.RELEASE.jar:/home/mrazavi/.m2/repository/org/springframework/data/spring-data-commons/2.0.10.RELEASE/spring-data-commons-2.0.10.RELEASE.jar:/home/mrazavi/.m2/repository/org/springframework/spring-orm/5.0.9.RELEASE/spring-orm-5.0.9.RELEASE.jar:/home/mrazavi/.m2/repository/org/springframework/spring-context/5.0.9.RELEASE/spring-context-5.0.9.RELEASE.jar:/home/mrazavi/.m2/repository/org/springframework/spring-expression/5.0.9.RELEASE/spring-expression-5.0.9.RELEASE.jar:/home/mrazavi/.m2/repository/org/springframework/spring-tx/5.0.9.RELEASE/spring-tx-5.0.9.RELEASE.jar:/home/mrazavi/.m2/repository/org/springframework/spring-beans/5.0.9.RELEASE/spring-beans-5.0.9.RELEASE.jar:/home/mrazavi/.m2/repository/org/springframework/spring-aspects/5.0.9.RELEASE/spring-aspects-5.0.9.RELEASE.jar:/home/mrazavi/developments/abac-authorization/easyabac-tools/policy-testing-infra/target/policy-testing-infra-1.0.1-SNAPSHOT.jar:/home/mrazavi/developments/abac-authorization/easyabac-extensions/pdp/wso2-balana-pdp/target/wso2-balana-pdp-1.0.1-SNAPSHOT.jar:/home/mrazavi/.m2/repository/org/xmlunit/xmlunit-core/2.6.2/xmlunit-core-2.6.2.jar:/home/mrazavi/.m2/repository/org/xmlunit/xmlunit-matchers/2.6.2/xmlunit-matchers-2.6.2.jar:/home/mrazavi/.m2/repository/cglib/cglib-nodep/3.2.8/cglib-nodep-3.2.8.jar:/home/mrazavi/.m2/repository/org/springframework/spring-aop/5.0.9.RELEASE/spring-aop-5.0.9.RELEASE.jar:/home/mrazavi/.m2/repository/org/apache/maven/plugin-tools/maven-plugin-annotations/3.4/maven-plugin-annotations-3.4.jar:/home/mrazavi/.m2/repository/org/apache/maven/maven-artifact/3.0/maven-artifact-3.0.jar:/home/mrazavi/.m2/repository/org/codehaus/plexus/plexus-utils/2.0.4/plexus-utils-2.0.4.jar:/home/mrazavi/.m2/repository/junit/junit/4.12/junit-4.12.jar:/home/mrazavi/.m2/repository/org/hamcrest/hamcrest-core/1.3/hamcrest-core-1.3.jar:/home/mrazavi/.m2/repository/commons-logging/commons-logging/1.2/commons-logging-1.2.jar:/home/mrazavi/.m2/repository/org/wso2/balana/org.wso2.balana/1.1.11/org.wso2.balana-1.1.11.jar:/home/mrazavi/.m2/repository/org/wso2/balana/org.wso2.balana.utils/1.1.11/org.wso2.balana.utils-1.1.11.jar:/home/mrazavi/.m2/repository/xerces/wso2/xercesImpl/2.8.1.wso2v2/xercesImpl-2.8.1.wso2v2.jar:"/>
    <property name="java.vm.vendor" value="Oracle Corporation"/>
    <property name="sun.arch.data.model" value="64"/>
    <property name="java.vendor.url" value="http://java.oracle.com/"/>
    <property name="user.timezone" value=""/>
    <property name="java.vm.specification.version" value="1.8"/>
    <property name="os.name" value="Linux"/>
    <property name="user.country" value="US"/>
    <property name="sun.java.launcher" value="SUN_STANDARD"/>
    <property name="sun.boot.library.path" value="/usr/lib/jvm/java-8-openjdk-amd64/jre/lib/amd64"/>
    <property name="sun.java.command" value="/home/mrazavi/developments/abac-authorization/easyabac-tools/easyabac-test-generator/target/surefire/surefirebooter5104432698416642835.jar /home/mrazavi/developments/abac-authorization/easyabac-tools/easyabac-test-generator/target/surefire 2019-01-15T09-41-33_614-jvmRun1 surefire5195185400448369478tmp surefire_25538436576195400994tmp"/>
    <property name="surefire.test.class.path" value="/home/mrazavi/developments/abac-authorization/easyabac-tools/easyabac-test-generator/target/test-classes:/home/mrazavi/developments/abac-authorization/easyabac-tools/easyabac-test-generator/target/classes:/home/mrazavi/developments/abac-authorization/easyabac-api/easyabac-entity-api/target/easyabac-entity-api-1.0.1-SNAPSHOT.jar:/home/mrazavi/developments/abac-authorization/easyabac-core/target/easyabac-core-1.0.1-SNAPSHOT.jar:/home/mrazavi/.m2/repository/ch/qos/logback/logback-core/1.2.3/logback-core-1.2.3.jar:/home/mrazavi/.m2/repository/org/slf4j/jcl-over-slf4j/1.7.12/jcl-over-slf4j-1.7.12.jar:/home/mrazavi/.m2/repository/org/projectlombok/lombok/1.16.18/lombok-1.16.18.jar:/home/mrazavi/.m2/repository/ch/qos/logback/logback-classic/1.2.3/logback-classic-1.2.3.jar:/home/mrazavi/.m2/repository/org/slf4j/slf4j-api/1.7.25/slf4j-api-1.7.25.jar:/home/mrazavi/.m2/repository/javax/annotation/javax.annotation-api/1.3.2/javax.annotation-api-1.3.2.jar:/home/mrazavi/.m2/repository/com/github/javaparser/javaparser-core/3.6.24/javaparser-core-3.6.24.jar:/home/mrazavi/.m2/repository/org/apache/commons/commons-lang3/3.7/commons-lang3-3.7.jar:/home/mrazavi/developments/abac-authorization/easyabac-tools/easy-model-loader/target/easy-model-loader-1.0.1-SNAPSHOT.jar:/home/mrazavi/developments/abac-authorization/easyabac-model/target/easyabac-model-1.0.1-SNAPSHOT.jar:/home/mrazavi/.m2/repository/org/yaml/snakeyaml/1.23/snakeyaml-1.23.jar:/home/mrazavi/.m2/repository/org/springframework/boot/spring-boot-starter-data-jpa/2.0.5.RELEASE/spring-boot-starter-data-jpa-2.0.5.RELEASE.jar:/home/mrazavi/.m2/repository/org/springframework/boot/spring-boot-starter/2.0.5.RELEASE/spring-boot-starter-2.0.5.RELEASE.jar:/home/mrazavi/.m2/repository/org/springframework/boot/spring-boot/2.0.5.RELEASE/spring-boot-2.0.5.RELEASE.jar:/home/mrazavi/.m2/repository/org/springframework/boot/spring-boot-autoconfigure/2.0.5.RELEASE/spring-boot-autoconfigure-2.0.5.RELEASE.jar:/home/mrazavi/.m2/repository/org/springframework/boot/spring-boot-starter-logging/2.0.5.RELEASE/spring-boot-starter-logging-2.0.5.RELEASE.jar:/home/mrazavi/.m2/repository/org/apache/logging/log4j/log4j-to-slf4j/2.10.0/log4j-to-slf4j-2.10.0.jar:/home/mrazavi/.m2/repository/org/apache/logging/log4j/log4j-api/2.10.0/log4j-api-2.10.0.jar:/home/mrazavi/.m2/repository/org/slf4j/jul-to-slf4j/1.7.25/jul-to-slf4j-1.7.25.jar:/home/mrazavi/.m2/repository/org/springframework/spring-core/5.0.9.RELEASE/spring-core-5.0.9.RELEASE.jar:/home/mrazavi/.m2/repository/org/springframework/spring-jcl/5.0.9.RELEASE/spring-jcl-5.0.9.RELEASE.jar:/home/mrazavi/.m2/repository/org/springframework/boot/spring-boot-starter-aop/2.0.5.RELEASE/spring-boot-starter-aop-2.0.5.RELEASE.jar:/home/mrazavi/.m2/repository/org/aspectj/aspectjweaver/1.8.13/aspectjweaver-1.8.13.jar:/home/mrazavi/.m2/repository/org/springframework/boot/spring-boot-starter-jdbc/2.0.5.RELEASE/spring-boot-starter-jdbc-2.0.5.RELEASE.jar:/home/mrazavi/.m2/repository/com/zaxxer/HikariCP/2.7.9/HikariCP-2.7.9.jar:/home/mrazavi/.m2/repository/org/springframework/spring-jdbc/5.0.9.RELEASE/spring-jdbc-5.0.9.RELEASE.jar:/home/mrazavi/.m2/repository/javax/transaction/javax.transaction-api/1.2/javax.transaction-api-1.2.jar:/home/mrazavi/.m2/repository/org/hibernate/hibernate-core/5.2.17.Final/hibernate-core-5.2.17.Final.jar:/home/mrazavi/.m2/repository/org/jboss/logging/jboss-logging/3.3.1.Final/jboss-logging-3.3.1.Final.jar:/home/mrazavi/.m2/repository/org/hibernate/javax/persistence/hibernate-jpa-2.1-api/1.0.0.Final/hibernate-jpa-2.1-api-1.0.0.Final.jar:/home/mrazavi/.m2/repository/org/javassist/javassist/3.22.0-GA/javassist-3.22.0-GA.jar:/home/mrazavi/.m2/repository/antlr/antlr/2.7.7/antlr-2.7.7.jar:/home/mrazavi/.m2/repository/org/jboss/jandex/2.0.3.Final/jandex-2.0.3.Final.jar:/home/mrazavi/.m2/repository/com/fasterxml/classmate/1.3.0/classmate-1.3.0.jar:/home/mrazavi/.m2/repository/dom4j/dom4j/1.6.1/dom4j-1.6.1.jar:/home/mrazavi/.m2/repository/org/hibernate/common/hibernate-commons-annotations/5.0.1.Final/hibernate-commons-annotations-5.0.1.Final.jar:/home/mrazavi/.m2/repository/org/springframework/data/spring-data-jpa/2.0.10.RELEASE/spring-data-jpa-2.0.10.RELEASE.jar:/home/mrazavi/.m2/repository/org/springframework/data/spring-data-commons/2.0.10.RELEASE/spring-data-commons-2.0.10.RELEASE.jar:/home/mrazavi/.m2/repository/org/springframework/spring-orm/5.0.9.RELEASE/spring-orm-5.0.9.RELEASE.jar:/home/mrazavi/.m2/repository/org/springframework/spring-context/5.0.9.RELEASE/spring-context-5.0.9.RELEASE.jar:/home/mrazavi/.m2/repository/org/springframework/spring-expression/5.0.9.RELEASE/spring-expression-5.0.9.RELEASE.jar:/home/mrazavi/.m2/repository/org/springframework/spring-tx/5.0.9.RELEASE/spring-tx-5.0.9.RELEASE.jar:/home/mrazavi/.m2/repository/org/springframework/spring-beans/5.0.9.RELEASE/spring-beans-5.0.9.RELEASE.jar:/home/mrazavi/.m2/repository/org/springframework/spring-aspects/5.0.9.RELEASE/spring-aspects-5.0.9.RELEASE.jar:/home/mrazavi/developments/abac-authorization/easyabac-tools/policy-testing-infra/target/policy-testing-infra-1.0.1-SNAPSHOT.jar:/home/mrazavi/developments/abac-authorization/easyabac-extensions/pdp/wso2-balana-pdp/target/wso2-balana-pdp-1.0.1-SNAPSHOT.jar:/home/mrazavi/.m2/repository/org/xmlunit/xmlunit-core/2.6.2/xmlunit-core-2.6.2.jar:/home/mrazavi/.m2/repository/org/xmlunit/xmlunit-matchers/2.6.2/xmlunit-matchers-2.6.2.jar:/home/mrazavi/.m2/repository/cglib/cglib-nodep/3.2.8/cglib-nodep-3.2.8.jar:/home/mrazavi/.m2/repository/org/springframework/spring-aop/5.0.9.RELEASE/spring-aop-5.0.9.RELEASE.jar:/home/mrazavi/.m2/repository/org/apache/maven/plugin-tools/maven-plugin-annotations/3.4/maven-plugin-annotations-3.4.jar:/home/mrazavi/.m2/repository/org/apache/maven/maven-artifact/3.0/maven-artifact-3.0.jar:/home/mrazavi/.m2/repository/org/codehaus/plexus/plexus-utils/2.0.4/plexus-utils-2.0.4.jar:/home/mrazavi/.m2/repository/junit/junit/4.12/junit-4.12.jar:/home/mrazavi/.m2/repository/org/hamcrest/hamcrest-core/1.3/hamcrest-core-1.3.jar:/home/mrazavi/.m2/repository/commons-logging/commons-logging/1.2/commons-logging-1.2.jar:/home/mrazavi/.m2/repository/org/wso2/balana/org.wso2.balana/1.1.11/org.wso2.balana-1.1.11.jar:/home/mrazavi/.m2/repository/org/wso2/balana/org.wso2.balana.utils/1.1.11/org.wso2.balana.utils-1.1.11.jar:/home/mrazavi/.m2/repository/xerces/wso2/xercesImpl/2.8.1.wso2v2/xercesImpl-2.8.1.wso2v2.jar:"/>
    <property name="sun.cpu.endian" value="little"/>
    <property name="user.home" value="/home/mrazavi"/>
    <property name="user.language" value="en"/>
    <property name="java.specification.vendor" value="Oracle Corporation"/>
    <property name="java.home" value="/usr/lib/jvm/java-8-openjdk-amd64/jre"/>
    <property name="basedir" value="/home/mrazavi/developments/abac-authorization/easyabac-tools/easyabac-test-generator"/>
    <property name="file.separator" value="/"/>
    <property name="line.separator" value="&#10;"/>
    <property name="java.vm.specification.vendor" value="Oracle Corporation"/>
    <property name="java.specification.name" value="Java Platform API Specification"/>
    <property name="java.awt.graphicsenv" value="sun.awt.X11GraphicsEnvironment"/>
    <property name="surefire.real.class.path" value="/home/mrazavi/developments/abac-authorization/easyabac-tools/easyabac-test-generator/target/surefire/surefirebooter5104432698416642835.jar"/>
    <property name="sun.boot.class.path" value="/usr/lib/jvm/java-8-openjdk-amd64/jre/lib/resources.jar:/usr/lib/jvm/java-8-openjdk-amd64/jre/lib/rt.jar:/usr/lib/jvm/java-8-openjdk-amd64/jre/lib/sunrsasign.jar:/usr/lib/jvm/java-8-openjdk-amd64/jre/lib/jsse.jar:/usr/lib/jvm/java-8-openjdk-amd64/jre/lib/jce.jar:/usr/lib/jvm/java-8-openjdk-amd64/jre/lib/charsets.jar:/usr/lib/jvm/java-8-openjdk-amd64/jre/lib/jfr.jar:/usr/lib/jvm/java-8-openjdk-amd64/jre/classes"/>
    <property name="sun.management.compiler" value="HotSpot 64-Bit Tiered Compilers"/>
    <property name="java.runtime.version" value="1.8.0_191-8u191-b12-0ubuntu0.18.04.1-b12"/>
    <property name="user.name" value="mrazavi"/>
    <property name="path.separator" value=":"/>
    <property name="os.version" value="4.15.0-42-generic"/>
    <property name="java.endorsed.dirs" value="/usr/lib/jvm/java-8-openjdk-amd64/jre/lib/endorsed"/>
    <property name="java.runtime.name" value="OpenJDK Runtime Environment"/>
    <property name="file.encoding" value="UTF-8"/>
    <property name="java.vm.name" value="OpenJDK 64-Bit Server VM"/>
    <property name="localRepository" value="/home/mrazavi/.m2/repository"/>
    <property name="java.vendor.url.bug" value="http://bugreport.sun.com/bugreport/"/>
    <property name="java.io.tmpdir" value="/tmp"/>
    <property name="idea.version" value="2017.2"/>
    <property name="java.version" value="1.8.0_191"/>
    <property name="user.dir" value="/home/mrazavi/developments/abac-authorization/easyabac-tools/easyabac-test-generator"/>
    <property name="os.arch" value="amd64"/>
    <property name="java.vm.specification.name" value="Java Virtual Machine Specification"/>
    <property name="java.awt.printerjob" value="sun.print.PSPrinterJob"/>
    <property name="sun.os.patch.level" value="unknown"/>
    <property name="java.library.path" value="/home/mrazavi/programs/ideaIU-2017.2/idea-IU-172.3317.76/bin::/usr/java/packages/lib/amd64:/usr/lib/x86_64-linux-gnu/jni:/lib/x86_64-linux-gnu:/usr/lib/x86_64-linux-gnu:/usr/lib/jni:/lib:/usr/lib"/>
    <property name="java.vm.info" value="mixed mode"/>
    <property name="java.vendor" value="Oracle Corporation"/>
    <property name="java.vm.version" value="25.191-b12"/>
    <property name="java.ext.dirs" value="/usr/lib/jvm/java-8-openjdk-amd64/jre/lib/ext:/usr/java/packages/lib/ext"/>
    <property name="sun.io.unicode.encoding" value="UnicodeLittle"/>
    <property name="java.class.version" value="52.0"/>
  </properties>
  <testcase name="authorizationTest[0: resource(custis.easyabac.api.test.helper.TestDataHelper$$Lambda$10/523691575@4f9a3314) and action(custis.easyabac.api.test.helper.TestDataHelper$$Lambda$11/1354011814@3b2c72c2). Expecting permit = (false)]" classname="generation.OrderAuthTest" time="0.147"/>
  <testcase name="authorizationTest[1: resource(custis.easyabac.api.test.helper.TestDataHelper$$Lambda$10/523691575@971d0d8) and action(custis.easyabac.api.test.helper.TestDataHelper$$Lambda$11/1354011814@51931956). Expecting permit = (false)]" classname="generation.OrderAuthTest" time="0.003"/>
  <testcase name="authorizationTest[2: resource(custis.easyabac.api.test.helper.TestDataHelper$$Lambda$10/523691575@2b4a2ec7) and action(custis.easyabac.api.test.helper.TestDataHelper$$Lambda$11/1354011814@564718df). Expecting permit = (false)]" classname="generation.OrderAuthTest" time="0.003"/>
  <testcase name="authorizationTest[3: resource(custis.easyabac.api.test.helper.TestDataHelper$$Lambda$10/523691575@51b7e5df) and action(custis.easyabac.api.test.helper.TestDataHelper$$Lambda$11/1354011814@18a70f16). Expecting permit = (false)]" classname="generation.OrderAuthTest" time="0.003"/>
  <testcase name="authorizationTest[4: resource(custis.easyabac.api.test.helper.TestDataHelper$$Lambda$10/523691575@62e136d3) and action(custis.easyabac.api.test.helper.TestDataHelper$$Lambda$11/1354011814@c8e4bb0). Expecting permit = (false)]" classname="generation.OrderAuthTest" time="0.003"/>
  <testcase name="authorizationTest[5: resource(custis.easyabac.api.test.helper.TestDataHelper$$Lambda$10/523691575@6279cee3) and action(custis.easyabac.api.test.helper.TestDataHelper$$Lambda$11/1354011814@4206a205). Expecting permit = (false)]" classname="generation.OrderAuthTest" time="0.003"/>
  <testcase name="authorizationTest[6: resource(custis.easyabac.api.test.helper.TestDataHelper$$Lambda$10/523691575@29ba4338) and action(custis.easyabac.api.test.helper.TestDataHelper$$Lambda$11/1354011814@57175e74). Expecting permit = (false)]" classname="generation.OrderAuthTest" time="0.002"/>
  <testcase name="authorizationTest[7: resource(custis.easyabac.api.test.helper.TestDataHelper$$Lambda$10/523691575@7bb58ca3) and action(custis.easyabac.api.test.helper.TestDataHelper$$Lambda$11/1354011814@c540f5a). Expecting permit = (false)]" classname="generation.OrderAuthTest" time="0.003"/>
  <testcase name="authorizationTest[8: resource(custis.easyabac.api.test.helper.TestDataHelper$$Lambda$10/523691575@770c2e6b) and action(custis.easyabac.api.test.helper.TestDataHelper$$Lambda$11/1354011814@1a052a00). Expecting permit = (false)]" classname="generation.OrderAuthTest" time="0.002"/>
  <testcase name="authorizationTest[9: resource(custis.easyabac.api.test.helper.TestDataHelper$$Lambda$10/523691575@4d826d77) and action(custis.easyabac.api.test.helper.TestDataHelper$$Lambda$11/1354011814@61009542). Expecting permit = (false)]" classname="generation.OrderAuthTest" time="0.002"/>
  <testcase name="authorizationTest[10: resource(custis.easyabac.api.test.helper.TestDataHelper$$Lambda$10/523691575@77e9807f) and action(custis.easyabac.api.test.helper.TestDataHelper$$Lambda$11/1354011814@448ff1a8). Expecting permit = (false)]" classname="generation.OrderAuthTest" time="0.002"/>
  <testcase name="authorizationTest[11: resource(custis.easyabac.api.test.helper.TestDataHelper$$Lambda$10/523691575@1a38c59b) and action(custis.easyabac.api.test.helper.TestDataHelper$$Lambda$11/1354011814@7f77e91b). Expecting permit = (false)]" classname="generation.OrderAuthTest" time="0.002"/>
  <testcase name="authorizationTest[12: resource(custis.easyabac.api.test.helper.TestDataHelper$$Lambda$10/523691575@44a664f2) and action(custis.easyabac.api.test.helper.TestDataHelper$$Lambda$11/1354011814@7f9fcf7f). Expecting permit = (false)]" classname="generation.OrderAuthTest" time="0.001"/>
  <testcase name="authorizationTest[13: resource(custis.easyabac.api.test.helper.TestDataHelper$$Lambda$10/523691575@2357d90a) and action(custis.easyabac.api.test.helper.TestDataHelper$$Lambda$11/1354011814@6328d34a). Expecting permit = (false)]" classname="generation.OrderAuthTest" time="0.001"/>
  <testcase name="authorizationTest[14: resource(custis.easyabac.api.test.helper.TestDataHelper$$Lambda$10/523691575@145eaa29) and action(custis.easyabac.api.test.helper.TestDataHelper$$Lambda$11/1354011814@15bb6bea). Expecting permit = (false)]" classname="generation.OrderAuthTest" time="0.001"/>
  <testcase name="authorizationTest[15: resource(custis.easyabac.api.test.helper.TestDataHelper$$Lambda$10/523691575@8b96fde) and action(custis.easyabac.api.test.helper.TestDataHelper$$Lambda$11/1354011814@2d2e5f00). Expecting permit = (false)]" classname="generation.OrderAuthTest" time="0.002"/>
  <testcase name="authorizationTest[16: resource(custis.easyabac.api.test.helper.TestDataHelper$$Lambda$10/523691575@4c40b76e) and action(custis.easyabac.api.test.helper.TestDataHelper$$Lambda$11/1354011814@2ea6137). Expecting permit = (false)]" classname="generation.OrderAuthTest" time="0.001"/>
  <testcase name="authorizationTest[17: resource(custis.easyabac.api.test.helper.TestDataHelper$$Lambda$10/523691575@41ee392b) and action(custis.easyabac.api.test.helper.TestDataHelper$$Lambda$11/1354011814@1e67a849). Expecting permit = (false)]" classname="generation.OrderAuthTest" time="0.001"/>
  <testcase name="authorizationTest[18: resource(custis.easyabac.api.test.helper.TestDataHelper$$Lambda$10/523691575@57d5872c) and action(custis.easyabac.api.test.helper.TestDataHelper$$Lambda$11/1354011814@667a738). Expecting permit = (false)]" classname="generation.OrderAuthTest" time="0.001"/>
  <testcase name="authorizationTest[19: resource(custis.easyabac.api.test.helper.TestDataHelper$$Lambda$10/523691575@36f0f1be) and action(custis.easyabac.api.test.helper.TestDataHelper$$Lambda$11/1354011814@157632c9). Expecting permit = (false)]" classname="generation.OrderAuthTest" time="0.002"/>
  <testcase name="authorizationTest[20: resource(custis.easyabac.api.test.helper.TestDataHelper$$Lambda$10/523691575@6ee12bac) and action(custis.easyabac.api.test.helper.TestDataHelper$$Lambda$11/1354011814@55040f2f). Expecting permit = (false)]" classname="generation.OrderAuthTest" time="0.001"/>
  <testcase name="authorizationTest[21: resource(custis.easyabac.api.test.helper.TestDataHelper$$Lambda$10/523691575@64c87930) and action(custis.easyabac.api.test.helper.TestDataHelper$$Lambda$11/1354011814@400cff1a). Expecting permit = (false)]" classname="generation.OrderAuthTest" time="0.001"/>
  <testcase name="authorizationTest[22: resource(custis.easyabac.api.test.helper.TestDataHelper$$Lambda$10/523691575@275710fc) and action(custis.easyabac.api.test.helper.TestDataHelper$$Lambda$11/1354011814@525f1e4e). Expecting permit = (false)]" classname="generation.OrderAuthTest" time="0.001"/>
</testsuite>